<?xml version="1.0" encoding="UTF-8"?>
<testng-results ignored="0" total="2" passed="2" failed="0" skipped="0">
  <reporter-output>
  </reporter-output>
  <suite started-at="2022-11-16T16:50:43 PST" name="OpencartSuite" finished-at="2022-11-16T16:51:10 PST" duration-ms="26796">
    <groups>
    </groups>
    <test started-at="2022-11-16T16:50:43 PST" name="OpencartTest" finished-at="2022-11-16T16:51:10 PST" duration-ms="26796">
      <class name="testCases.TC_001_AccountRegistrationTest">
        <test-method is-config="true" signature="setup(java.lang.String)[pri:0, instance:testCases.TC_001_AccountRegistrationTest@7674f035]" started-at="2022-11-16T16:50:44 PST" name="setup" finished-at="2022-11-16T16:50:56 PST" duration-ms="12231" status="PASS">
          <params>
            <param index="0">
              <value>
                <![CDATA[chrome]]>
              </value>
            </param>
          </params>
          <reporter-output>
          </reporter-output>
        </test-method> <!-- setup -->
        <test-method signature="test_account_Registration()[pri:0, instance:testCases.TC_001_AccountRegistrationTest@7674f035]" started-at="2022-11-16T16:50:56 PST" name="test_account_Registration" finished-at="2022-11-16T16:51:03 PST" duration-ms="6490" status="PASS">
          <reporter-output>
          </reporter-output>
        </test-method> <!-- test_account_Registration -->
        <test-method is-config="true" signature="tearDown()[pri:0, instance:testCases.TC_001_AccountRegistrationTest@7674f035]" started-at="2022-11-16T16:51:03 PST" name="tearDown" finished-at="2022-11-16T16:51:04 PST" duration-ms="640" status="PASS">
          <reporter-output>
          </reporter-output>
        </test-method> <!-- tearDown -->
      </class> <!-- testCases.TC_001_AccountRegistrationTest -->
      <class name="testCases.TC_002_LoginTest">
        <test-method is-config="true" signature="setup(java.lang.String)[pri:0, instance:testCases.TC_002_LoginTest@248e319b]" started-at="2022-11-16T16:51:04 PST" name="setup" finished-at="2022-11-16T16:51:07 PST" duration-ms="3317" status="PASS">
          <params>
            <param index="0">
              <value>
                <![CDATA[chrome]]>
              </value>
            </param>
          </params>
          <reporter-output>
          </reporter-output>
        </test-method> <!-- setup -->
        <test-method signature="test_Login()[pri:0, instance:testCases.TC_002_LoginTest@248e319b]" started-at="2022-11-16T16:51:07 PST" name="test_Login" finished-at="2022-11-16T16:51:10 PST" duration-ms="3050" status="PASS">
          <reporter-output>
          </reporter-output>
        </test-method> <!-- test_Login -->
        <test-method is-config="true" signature="tearDown()[pri:0, instance:testCases.TC_002_LoginTest@248e319b]" started-at="2022-11-16T16:51:10 PST" name="tearDown" finished-at="2022-11-16T16:51:10 PST" duration-ms="297" status="PASS">
          <reporter-output>
          </reporter-output>
        </test-method> <!-- tearDown -->
      </class> <!-- testCases.TC_002_LoginTest -->
    </test> <!-- OpencartTest -->
  </suite> <!-- OpencartSuite -->
</testng-results>
